\BOOKMARK [0][-]{chapter*.1}{List of Figures}{}% 1
\BOOKMARK [0][-]{chapter*.2}{List of Tables}{}% 2
\BOOKMARK [0][-]{chapter.1}{Introduction}{}% 3
\BOOKMARK [1][-]{section.1.1}{Control Systems Engineering}{chapter.1}% 4
\BOOKMARK [1][-]{section.1.2}{Chemical reactor Systems}{chapter.1}% 5
\BOOKMARK [1][-]{section.1.3}{Motivation}{chapter.1}% 6
\BOOKMARK [1][-]{section.1.4}{Objectives}{chapter.1}% 7
\BOOKMARK [1][-]{section.1.5}{Chapters Organization}{chapter.1}% 8
\BOOKMARK [0][-]{chapter.2}{Dynamical System Analysis}{}% 9
\BOOKMARK [1][-]{section.2.1}{First Principles Models}{chapter.2}% 10
\BOOKMARK [1][-]{section.2.2}{Canonical Representations for Dynamical Models}{chapter.2}% 11
\BOOKMARK [1][-]{section.2.3}{Response Analysis in the Time Domain}{chapter.2}% 12
\BOOKMARK [1][-]{section.2.4}{Similarity Transformations}{chapter.2}% 13
\BOOKMARK [1][-]{section.2.5}{Stability, Controlability and Observability}{chapter.2}% 14
\BOOKMARK [1][-]{section.2.6}{Response Analysis in the Frequency Domain}{chapter.2}% 15
\BOOKMARK [0][-]{chapter.3}{Controller Synthesis}{}% 16
\BOOKMARK [1][-]{section.3.1}{State Feedback Controllers}{chapter.3}% 17
\BOOKMARK [1][-]{section.3.2}{Regulation and Reference Tracking}{chapter.3}% 18
\BOOKMARK [1][-]{section.3.3}{Deterministic State Observers}{chapter.3}% 19
\BOOKMARK [1][-]{section.3.4}{Properties of State-Feedback Controllers}{chapter.3}% 20
\BOOKMARK [0][-]{chapter.4}{Optimal Control and Estimation}{}% 21
\BOOKMARK [1][-]{section.4.1}{Formulation}{chapter.4}% 22
\BOOKMARK [1][-]{section.4.2}{Linear Quadratic \(LQ\) Controllers}{chapter.4}% 23
\BOOKMARK [1][-]{section.4.3}{Optimal State Estimators}{chapter.4}% 24
\BOOKMARK [1][-]{section.4.4}{Linear Quadratic Gaussian \(LQG\)}{chapter.4}% 25
\BOOKMARK [1][-]{section.4.5}{Stability and Robustness Analysis}{chapter.4}% 26
\BOOKMARK [0][-]{chapter.5}{Methodology}{}% 27
\BOOKMARK [1][-]{section.5.1}{Non-Isothermal Continuous Stirred Tank}{chapter.5}% 28
\BOOKMARK [1][-]{section.5.2}{Simulation}{chapter.5}% 29
\BOOKMARK [0][-]{chapter.6}{Results and Discussion}{}% 30
\BOOKMARK [1][-]{section.6.1}{Dynamical Analysis}{chapter.6}% 31
\BOOKMARK [1][-]{section.6.2}{Optimal Control}{chapter.6}% 32
\BOOKMARK [0][-]{chapter.7}{Conclusion}{}% 33
\BOOKMARK [0][-]{chapter.7}{Bibliography}{}% 34
\BOOKMARK [0][-]{appendix.A}{Properties of Gaussian Distributions}{}% 35
